{"C:\\Users\\Mihovil\\Desktop\\CS50\\project_management_app\\fe\\src\\components\\Auth\\Login.tsx": {"path":"C:\\Users\\Mihovil\\Desktop\\CS50\\project_management_app\\fe\\src\\components\\Auth\\Login.tsx","statementMap":{"0":{"start":{"line":1,"column":0},"end":{"line":1,"column":40}},"1":{"start":{"line":2,"column":0},"end":{"line":2,"column":null}},"2":{"start":{"line":12,"column":0},"end":{"line":12,"column":64}},"3":{"start":{"line":13,"column":0},"end":{"line":13,"column":53}},"4":{"start":{"line":15,"column":24},"end":{"line":96,"column":1}},"5":{"start":{"line":21,"column":6},"end":{"line":21,"column":16}},"6":{"start":{"line":23,"column":42},"end":{"line":23,"column":57}},"7":{"start":{"line":25,"column":34},"end":{"line":27,"column":3}},"8":{"start":{"line":26,"column":4},"end":{"line":26,"column":35}},"9":{"start":{"line":29,"column":2},"end":{"line":95,"column":4}},"10":{"start":{"line":98,"column":0},"end":{"line":98,"column":21}}},"fnMap":{"0":{"name":"(anonymous_0)","decl":{"start":{"line":15,"column":24},"end":{"line":15,"column":27}},"loc":{"start":{"line":15,"column":29},"end":{"line":96,"column":1}}},"1":{"name":"(anonymous_1)","decl":{"start":{"line":25,"column":34},"end":{"line":25,"column":37}},"loc":{"start":{"line":25,"column":39},"end":{"line":27,"column":3}}}},"branchMap":{"0":{"loc":{"start":{"line":35,"column":9},"end":{"line":38,"column":null}},"type":"binary-expr","locations":[{"start":{"line":35,"column":9},"end":{"line":35,"column":14}},{"start":{"line":36,"column":10},"end":{"line":37,"column":null}}]},"1":{"loc":{"start":{"line":59,"column":20},"end":{"line":59,"column":54}},"type":"cond-expr","locations":[{"start":{"line":59,"column":35},"end":{"line":59,"column":41}},{"start":{"line":59,"column":44},"end":{"line":59,"column":54}}]},"2":{"loc":{"start":{"line":73,"column":23},"end":{"line":73,"column":72}},"type":"cond-expr","locations":[{"start":{"line":73,"column":38},"end":{"line":73,"column":55}},{"start":{"line":73,"column":58},"end":{"line":73,"column":72}}]}},"s":{"0":1,"1":1,"2":1,"3":1,"4":1,"5":5,"6":5,"7":5,"8":0,"9":5,"10":1},"f":{"0":5,"1":0},"b":{"0":[5,0],"1":[0,5],"2":[0,5]}}
}
