TN:
SF:src\config.ts
FNF:0
FNH:0
DA:3,17
LF:1
LH:1
BRDA:9,0,0,17
BRDA:9,0,1,0
BRDA:12,1,0,17
BRDA:12,1,1,0
BRDA:13,2,0,17
BRDA:13,2,1,0
BRDA:19,3,0,17
BRDA:19,3,1,0
BRDA:22,4,0,17
BRDA:22,4,1,0
BRDA:24,5,0,17
BRDA:24,5,1,0
BRDA:25,6,0,17
BRDA:25,6,1,0
BRF:14
BRH:7
end_of_record
TN:
SF:src\db.ts
FN:11,(anonymous_0)
FNF:1
FNH:0
FNDA:0,(anonymous_0)
DA:1,0
DA:2,0
DA:4,0
DA:11,0
DA:12,0
DA:13,0
DA:16,0
LF:7
LH:0
BRF:0
BRH:0
end_of_record
TN:
SF:src\server.ts
FN:16,(anonymous_1)
FN:42,(anonymous_2)
FN:48,(anonymous_3)
FN:53,(anonymous_4)
FN:55,(anonymous_5)
FNF:5
FNH:0
FNDA:0,(anonymous_1)
FNDA:0,(anonymous_2)
FNDA:0,(anonymous_3)
FNDA:0,(anonymous_4)
FNDA:0,(anonymous_5)
DA:1,0
DA:2,0
DA:3,0
DA:4,0
DA:5,0
DA:6,0
DA:7,0
DA:8,0
DA:10,0
DA:12,0
DA:13,0
DA:16,0
DA:17,0
DA:18,0
DA:19,0
DA:21,0
DA:33,0
DA:34,0
DA:42,0
DA:43,0
DA:44,0
DA:47,0
DA:48,0
DA:49,0
DA:53,0
DA:54,0
DA:55,0
DA:56,0
DA:57,0
DA:61,0
LF:30
LH:0
BRDA:36,0,0,0
BRDA:36,0,1,0
BRDA:47,1,0,0
BRDA:47,1,1,0
BRF:4
BRH:0
end_of_record
TN:
SF:src\jobs\cleanup.ts
FN:5,(anonymous_9)
FNF:1
FNH:1
FNDA:7,(anonymous_9)
DA:1,12
DA:2,12
DA:3,12
DA:5,12
DA:6,7
DA:7,7
DA:13,6
DA:15,1
DA:20,12
LF:9
LH:9
BRF:0
BRH:0
end_of_record
TN:
SF:src\metrics\index.ts
FN:19,(anonymous_1)
FN:24,(anonymous_2)
FN:29,(anonymous_3)
FNF:3
FNH:3
FNDA:5,(anonymous_1)
FNDA:2,(anonymous_2)
FNDA:9,(anonymous_3)
DA:1,1
DA:4,1
DA:13,1
DA:20,5
DA:21,5
DA:25,2
DA:26,2
DA:30,9
DA:31,1
DA:36,1
LF:10
LH:10
BRDA:30,0,0,1
BRDA:30,0,1,8
BRF:2
BRH:2
end_of_record
TN:
SF:src\middleware\rateLimiter.ts
FNF:0
FNH:0
DA:1,1
DA:3,1
LF:2
LH:2
BRDA:5,0,0,1
BRDA:5,0,1,1
BRF:2
BRH:2
end_of_record
TN:
SF:src\middleware\validation.ts
FN:4,(anonymous_0)
FNF:1
FNH:1
FNDA:12,(anonymous_0)
DA:4,1
DA:9,12
DA:10,12
DA:11,5
DA:18,5
DA:20,7
LF:6
LH:6
BRDA:10,0,0,5
BRDA:10,0,1,7
BRDA:10,1,0,12
BRDA:10,1,1,9
BRDA:10,1,2,8
BRF:5
BRH:5
end_of_record
TN:
SF:src\routes\notifications.ts
FN:13,(anonymous_0)
FN:35,(anonymous_1)
FNF:2
FNH:2
FNDA:3,(anonymous_0)
FNDA:8,(anonymous_1)
DA:1,1
DA:2,1
DA:3,1
DA:4,1
DA:5,1
DA:11,1
DA:13,1
DA:17,3
DA:18,3
DA:22,2
DA:24,1
DA:25,1
DA:35,1
DA:39,8
DA:40,8
DA:41,8
DA:42,7
DA:44,1
DA:45,1
DA:55,1
LF:20
LH:20
BRDA:24,0,0,1
BRDA:24,0,1,0
BRDA:44,1,0,1
BRDA:44,1,1,0
BRF:4
BRH:2
end_of_record
TN:
SF:src\services\emailService.ts
FN:18,(anonymous_1)
FN:30,(anonymous_2)
FN:46,(anonymous_3)
FN:57,(anonymous_4)
FN:88,(anonymous_5)
FN:101,(anonymous_6)
FN:106,(anonymous_7)
FNF:7
FNH:6
FNDA:17,(anonymous_1)
FNDA:17,(anonymous_2)
FNDA:100,(anonymous_3)
FNDA:2,(anonymous_4)
FNDA:1,(anonymous_5)
FNDA:0,(anonymous_6)
FNDA:9,(anonymous_7)
DA:1,17
DA:2,17
DA:3,17
DA:4,17
DA:5,17
DA:6,17
DA:19,17
DA:26,17
DA:27,17
DA:31,17
DA:32,17
DA:33,17
DA:35,13
DA:36,80
DA:37,80
DA:38,80
DA:42,0
DA:47,100
DA:48,12
DA:51,88
DA:52,88
DA:53,83
DA:54,83
DA:63,2
DA:64,2
DA:65,2
DA:68,0
DA:69,0
DA:70,0
DA:72,0
DA:79,0
DA:80,0
DA:81,0
DA:83,0
DA:84,0
DA:95,1
DA:96,1
DA:97,1
DA:99,0
DA:100,0
DA:101,0
DA:107,9
DA:108,9
DA:109,8
DA:110,8
DA:112,1
DA:113,1
DA:118,17
LF:48
LH:35
BRDA:36,0,0,80
BRDA:36,0,1,0
BRDA:47,1,0,12
BRDA:47,1,1,88
BRDA:63,2,0,2
BRDA:63,2,1,0
BRDA:93,3,0,0
BRDA:100,4,0,0
BRDA:100,4,1,0
BRF:9
BRH:4
end_of_record
TN:
SF:src\services\notificationService.ts
FN:13,(anonymous_0)
FN:29,(anonymous_1)
FN:56,(anonymous_2)
FN:68,(anonymous_3)
FNF:4
FNH:4
FNDA:6,(anonymous_0)
FNDA:8,(anonymous_1)
FNDA:16,(anonymous_2)
FNDA:2,(anonymous_3)
DA:1,1
DA:2,1
DA:3,1
DA:4,1
DA:14,6
DA:15,6
DA:17,6
DA:19,5
DA:20,5
DA:21,5
DA:24,1
DA:25,1
DA:30,8
DA:31,8
DA:36,8
DA:44,7
DA:51,1
DA:52,1
DA:57,16
DA:58,6
DA:59,4
DA:60,1
DA:61,1
DA:62,1
DA:63,1
DA:64,2
DA:73,2
DA:74,2
DA:81,1
DA:83,1
DA:84,1
DA:89,1
LF:32
LH:32
BRDA:57,0,0,6
BRDA:57,0,1,4
BRDA:57,0,2,1
BRDA:57,0,3,1
BRDA:57,0,4,1
BRDA:57,0,5,1
BRDA:57,0,6,2
BRF:7
BRH:7
end_of_record
TN:
SF:src\utils\logger.ts
FNF:0
FNH:0
DA:1,17
DA:3,17
DA:19,17
LF:3
LH:3
BRDA:4,0,0,17
BRDA:4,0,1,0
BRF:2
BRH:1
end_of_record
